<?xml version="1.0" encoding="UTF-8"?>
<!-- Generated by org.testng.reporters.JUnitReportReporter -->
<testsuite hostname="DESKTOP-56QICGD" failures="0" tests="3" name="practice.NewTest" time="0.014" errors="0" timestamp="2025-10-25T20:09:34 IST" skipped="0">
  <testcase classname="practice.NewTest" name="productCreation" time="0.011">
    <system-out>
      <![CDATA[productCreation]]>
    </system-out>
  </testcase> <!-- productCreation -->
  <testcase classname="practice.NewTest" name="updateProduct" time="0.001">
    <system-out>
      <![CDATA[updateProduct]]>
    </system-out>
  </testcase> <!-- updateProduct -->
  <testcase classname="practice.NewTest" name="deleteproduct" time="0.002"/>
  <system-out>
    <![CDATA[productCreation
updateProduct]]>
  </system-out>
</testsuite> <!-- practice.NewTest -->
