<?xml version="1.0" encoding="UTF-8"?>
<!-- Generated by org.testng.reporters.JUnitReportReporter -->
<testsuite hostname="DESKTOP-56QICGD" failures="0" tests="5" name="practice.WorkingWithDataProvider" time="172.968" errors="0" timestamp="2025-10-27T19:28:20 IST" skipped="0">
  <testcase classname="practice.WorkingWithDataProvider" name="login" time="35.480"/>
  <testcase classname="practice.WorkingWithDataProvider" name="login" time="26.204"/>
  <testcase classname="practice.WorkingWithDataProvider" name="login" time="36.482"/>
  <testcase classname="practice.WorkingWithDataProvider" name="login" time="43.019"/>
  <testcase classname="practice.WorkingWithDataProvider" name="login" time="31.783"/>
</testsuite> <!-- practice.WorkingWithDataProvider -->
