<?xml version="1.0" encoding="UTF-8"?>
<!-- Generated by org.testng.reporters.JUnitReportReporter -->
<testsuite hostname="DESKTOP-56QICGD" failures="0" tests="2" name="practice.WorkingWithConfigAnnotations" time="0.013" errors="0" timestamp="2025-10-27T20:18:14 IST" skipped="0">
  <testcase classname="practice.WorkingWithConfigAnnotations" name="test1" time="0.010"/>
  <testcase classname="practice.WorkingWithConfigAnnotations" name="test2" time="0.003"/>
</testsuite> <!-- practice.WorkingWithConfigAnnotations -->
